[0.294s] Invoking command in '/workspaces/carma_ws/src/build/sick_ldmrs_description': CMAKE_PREFIX_PATH=/workspaces/carma_ws/src/build/sick_ldmrs_description/devel:${CMAKE_PREFIX_PATH} PKG_CONFIG_PATH=/workspaces/carma_ws/src/build/sick_ldmrs_description/devel/lib/pkgconfig:${PKG_CONFIG_PATH} ROS_PACKAGE_PATH=/workspaces/carma_ws/src/autoware.ai/drivers/sick_ldmrs_description:${ROS_PACKAGE_PATH} /usr/bin/ctest -C Release -D ExperimentalTest --no-compress-output -V --force-new-ctest-process
[0.330s] UpdateCTestConfiguration  from :/workspaces/carma_ws/src/build/sick_ldmrs_description/CTestConfiguration.ini
[0.330s] Parse Config file:/workspaces/carma_ws/src/build/sick_ldmrs_description/CTestConfiguration.ini
[0.330s]    Site: 734334d1087f
[0.330s]    Build name: (empty)
[0.331s]  Add coverage exclude regular expressions.
[0.338s] SetCTestConfiguration:CMakeCommand:/usr/bin/cmake
[0.338s] Create new tag: 20220216-1119 - Experimental
[0.339s] UpdateCTestConfiguration  from :/workspaces/carma_ws/src/build/sick_ldmrs_description/CTestConfiguration.ini
[0.339s] Parse Config file:/workspaces/carma_ws/src/build/sick_ldmrs_description/CTestConfiguration.ini
[0.341s] Test project /workspaces/carma_ws/src/build/sick_ldmrs_description
[0.341s] Constructing a list of tests
[0.341s] Done constructing a list of tests
[0.342s] Updating test list for fixtures
[0.343s] Added 0 tests to meet fixture requirements
[0.343s] Checking test dependency graph...
[0.343s] Checking test dependency graph end
[0.343s] test 1
[0.343s]     Start 1: _ctest_sick_ldmrs_description_roslaunch-check_launch
[0.344s] 
[0.344s] 1: Test command: /workspaces/carma_ws/src/build/sick_ldmrs_description/catkin_generated/env_cached.sh "/usr/bin/python3" "/opt/ros/noetic/share/catkin/cmake/test/run_tests.py" "/workspaces/carma_ws/src/build/sick_ldmrs_description/test_results/sick_ldmrs_description/roslaunch-check_launch.xml" "--return-code" "/usr/bin/cmake -E make_directory /workspaces/carma_ws/src/build/sick_ldmrs_description/test_results/sick_ldmrs_description" "/opt/ros/noetic/share/roslaunch/cmake/../scripts/roslaunch-check -o "/workspaces/carma_ws/src/build/sick_ldmrs_description/test_results/sick_ldmrs_description/roslaunch-check_launch.xml" "/workspaces/carma_ws/src/autoware.ai/drivers/sick_ldmrs_description/launch" "
[0.344s] 1: Test timeout computed to be: 10000000
[2.015s] 1: xacro: in-order processing became default in ROS Melodic. You can drop the option.
[3.689s] 1: xacro: in-order processing became default in ROS Melodic. You can drop the option.
[3.824s] 1: FAILURE:
[3.824s] 1: [/workspaces/carma_ws/src/autoware.ai/drivers/sick_ldmrs_description/launch/show_urdf.launch]:
[3.824s] 1: 	cannot find node [state_publisher] in package [robot_state_publisher]
[3.824s] 1: [31mwrote test file to [/workspaces/carma_ws/src/build/sick_ldmrs_description/test_results/sick_ldmrs_description/roslaunch-check_launch.xml][0m
[3.825s] 1: checking *.launch in directory /workspaces/carma_ws/src/autoware.ai/drivers/sick_ldmrs_description/launch
[3.825s] 1: checking /workspaces/carma_ws/src/autoware.ai/drivers/sick_ldmrs_description/launch/upload_urdf.launch
[3.825s] 1: checking /workspaces/carma_ws/src/autoware.ai/drivers/sick_ldmrs_description/launch/show_urdf.launch
[3.825s] 1: ...writing test results to /workspaces/carma_ws/src/build/sick_ldmrs_description/test_results/sick_ldmrs_description/roslaunch-check_launch.xml
[3.908s] 1: -- run_tests.py: execute commands
[3.908s] 1:   /usr/bin/cmake -E make_directory /workspaces/carma_ws/src/build/sick_ldmrs_description/test_results/sick_ldmrs_description
[3.909s] 1:   /opt/ros/noetic/share/roslaunch/cmake/../scripts/roslaunch-check -o "/workspaces/carma_ws/src/build/sick_ldmrs_description/test_results/sick_ldmrs_description/roslaunch-check_launch.xml" "/workspaces/carma_ws/src/autoware.ai/drivers/sick_ldmrs_description/launch" 
[3.909s] 1: -- run_tests.py: verify result "/workspaces/carma_ws/src/build/sick_ldmrs_description/test_results/sick_ldmrs_description/roslaunch-check_launch.xml"
[3.916s] 1/1 Test #1: _ctest_sick_ldmrs_description_roslaunch-check_launch ...***Failed    3.61 sec
[3.916s] 
[3.916s] 0% tests passed[0;0m, [0;31m1 tests failed[0;0m out of 1
[3.916s] 
[3.917s] Total Test time (real) =   3.62 sec
[3.917s] 
[3.917s] The following tests FAILED:
[3.917s] 	[0;31m  1 - _ctest_sick_ldmrs_description_roslaunch-check_launch (Failed)[0;0m
[3.935s] Errors while running CTest
[10.389s] Invoked command in '/workspaces/carma_ws/src/build/sick_ldmrs_description' returned '8': CMAKE_PREFIX_PATH=/workspaces/carma_ws/src/build/sick_ldmrs_description/devel:${CMAKE_PREFIX_PATH} PKG_CONFIG_PATH=/workspaces/carma_ws/src/build/sick_ldmrs_description/devel/lib/pkgconfig:${PKG_CONFIG_PATH} ROS_PACKAGE_PATH=/workspaces/carma_ws/src/autoware.ai/drivers/sick_ldmrs_description:${ROS_PACKAGE_PATH} /usr/bin/ctest -C Release -D ExperimentalTest --no-compress-output -V --force-new-ctest-process
