<?xml version="1.0" encoding="UTF-8"?>
<Site BuildName="(empty)"
	BuildStamp="20220216-1126-Experimental"
	Name="734334d1087f"
	Generator="ctest-3.16.3"
	CompilerName="/usr/bin/c++"
	CompilerVersion="9.3.0"
	OSName="Linux"
	Hostname="734334d1087f"
	OSRelease="5.13.0-28-generic"
	OSVersion="#31~20.04.1-Ubuntu SMP Wed Jan 19 14:08:10 UTC 2022"
	OSPlatform="x86_64"
	Is64Bits="1"
	VendorString="GenuineIntel"
	VendorID="Intel Corporation"
	FamilyID="6"
	ModelID="165"
	ProcessorCacheSize="12288"
	NumberOfLogicalCPU="12"
	NumberOfPhysicalCPU="6"
	TotalVirtualMemory="14003"
	TotalPhysicalMemory="31967"
	LogicalProcessorsPerPhysical="2"
	ProcessorClockFrequency="3761.27"
	>
	<Testing>
		<StartDateTime>Feb 16 11:26 UTC</StartDateTime>
		<StartTestTime>1645010775</StartTestTime>
		<TestList>
			<Test>./_ctest_sick_ldmrs_description_roslaunch-check_launch</Test>
		</TestList>
		<Test Status="failed">
			<Name>_ctest_sick_ldmrs_description_roslaunch-check_launch</Name>
			<Path>.</Path>
			<FullName>./_ctest_sick_ldmrs_description_roslaunch-check_launch</FullName>
			<FullCommandLine>/workspaces/carma_ws/src/build/sick_ldmrs_description/catkin_generated/env_cached.sh "/usr/bin/python3" "/opt/ros/noetic/share/catkin/cmake/test/run_tests.py" "/workspaces/carma_ws/src/build/sick_ldmrs_description/test_results/sick_ldmrs_description/roslaunch-check_launch.xml" "--return-code" "/usr/bin/cmake -E make_directory /workspaces/carma_ws/src/build/sick_ldmrs_description/test_results/sick_ldmrs_description" "/opt/ros/noetic/share/roslaunch/cmake/../scripts/roslaunch-check -o "/workspaces/carma_ws/src/build/sick_ldmrs_description/test_results/sick_ldmrs_description/roslaunch-check_launch.xml" "/workspaces/carma_ws/src/autoware.ai/drivers/sick_ldmrs_description/launch" "</FullCommandLine>
			<Results>
				<NamedMeasurement type="text/string" name="Exit Code">
					<Value>Failed</Value>
				</NamedMeasurement>
				<NamedMeasurement type="text/string" name="Exit Value">
					<Value>1</Value>
				</NamedMeasurement>
				<NamedMeasurement type="numeric/double" name="Execution Time">
					<Value>3.87056</Value>
				</NamedMeasurement>
				<NamedMeasurement type="numeric/double" name="Processors">
					<Value>1</Value>
				</NamedMeasurement>
				<NamedMeasurement type="text/string" name="Completion Status">
					<Value>Completed</Value>
				</NamedMeasurement>
				<NamedMeasurement type="text/string" name="Command Line">
					<Value>/workspaces/carma_ws/src/build/sick_ldmrs_description/catkin_generated/env_cached.sh "/usr/bin/python3" "/opt/ros/noetic/share/catkin/cmake/test/run_tests.py" "/workspaces/carma_ws/src/build/sick_ldmrs_description/test_results/sick_ldmrs_description/roslaunch-check_launch.xml" "--return-code" "/usr/bin/cmake -E make_directory /workspaces/carma_ws/src/build/sick_ldmrs_description/test_results/sick_ldmrs_description" "/opt/ros/noetic/share/roslaunch/cmake/../scripts/roslaunch-check -o "/workspaces/carma_ws/src/build/sick_ldmrs_description/test_results/sick_ldmrs_description/roslaunch-check_launch.xml" "/workspaces/carma_ws/src/autoware.ai/drivers/sick_ldmrs_description/launch" "</Value>
				</NamedMeasurement>
				<Measurement>
					<Value>xacro: in-order processing became default in ROS Melodic. You can drop the option.
xacro: in-order processing became default in ROS Melodic. You can drop the option.
FAILURE:
[/workspaces/carma_ws/src/autoware.ai/drivers/sick_ldmrs_description/launch/show_urdf.launch]:
	cannot find node [state_publisher] in package [robot_state_publisher]
[NON-XML-CHAR-0x1B][31mwrote test file to [/workspaces/carma_ws/src/build/sick_ldmrs_description/test_results/sick_ldmrs_description/roslaunch-check_launch.xml][NON-XML-CHAR-0x1B][0m
checking *.launch in directory /workspaces/carma_ws/src/autoware.ai/drivers/sick_ldmrs_description/launch
checking /workspaces/carma_ws/src/autoware.ai/drivers/sick_ldmrs_description/launch/upload_urdf.launch
checking /workspaces/carma_ws/src/autoware.ai/drivers/sick_ldmrs_description/launch/show_urdf.launch
...writing test results to /workspaces/carma_ws/src/build/sick_ldmrs_description/test_results/sick_ldmrs_description/roslaunch-check_launch.xml
-- run_tests.py: execute commands
  /usr/bin/cmake -E make_directory /workspaces/carma_ws/src/build/sick_ldmrs_description/test_results/sick_ldmrs_description
  /opt/ros/noetic/share/roslaunch/cmake/../scripts/roslaunch-check -o "/workspaces/carma_ws/src/build/sick_ldmrs_description/test_results/sick_ldmrs_description/roslaunch-check_launch.xml" "/workspaces/carma_ws/src/autoware.ai/drivers/sick_ldmrs_description/launch" 
-- run_tests.py: verify result "/workspaces/carma_ws/src/build/sick_ldmrs_description/test_results/sick_ldmrs_description/roslaunch-check_launch.xml"
</Value>
				</Measurement>
			</Results>
		</Test>
		<EndDateTime>Feb 16 11:26 UTC</EndDateTime>
		<EndTestTime>1645010779</EndTestTime>
		<ElapsedMinutes>0</ElapsedMinutes>
	</Testing>
</Site>
