<?xml version="1.0" encoding="UTF-8"?>
<Site BuildName="(empty)"
	BuildStamp="20220216-1126-Experimental"
	Name="734334d1087f"
	Generator="ctest-3.16.3"
	CompilerName="/usr/bin/c++"
	CompilerVersion="9.3.0"
	OSName="Linux"
	Hostname="734334d1087f"
	OSRelease="5.13.0-28-generic"
	OSVersion="#31~20.04.1-Ubuntu SMP Wed Jan 19 14:08:10 UTC 2022"
	OSPlatform="x86_64"
	Is64Bits="1"
	VendorString="GenuineIntel"
	VendorID="Intel Corporation"
	FamilyID="6"
	ModelID="165"
	ProcessorCacheSize="12288"
	NumberOfLogicalCPU="12"
	NumberOfPhysicalCPU="6"
	TotalVirtualMemory="14003"
	TotalPhysicalMemory="31967"
	LogicalProcessorsPerPhysical="2"
	ProcessorClockFrequency="2600"
	>
	<Testing>
		<StartDateTime>Feb 16 11:26 UTC</StartDateTime>
		<StartTestTime>1645010775</StartTestTime>
		<TestList>
			<Test>./_ctest_gnss_rostest_test_test_gnss.test</Test>
		</TestList>
		<Test Status="passed">
			<Name>_ctest_gnss_rostest_test_test_gnss.test</Name>
			<Path>.</Path>
			<FullName>./_ctest_gnss_rostest_test_test_gnss.test</FullName>
			<FullCommandLine>/workspaces/carma_ws/src/build/gnss/catkin_generated/env_cached.sh "/usr/bin/python3" "/opt/ros/noetic/share/catkin/cmake/test/run_tests.py" "/workspaces/carma_ws/src/build/gnss/test_results/gnss/rostest-test_test_gnss.xml" "--return-code" "/usr/bin/python3 /opt/ros/noetic/share/rostest/cmake/../../../bin/rostest --pkgdir=/workspaces/carma_ws/src/autoware.ai/common/gnss --package=gnss --results-filename test_test_gnss.xml --results-base-dir "/workspaces/carma_ws/src/build/gnss/test_results" /workspaces/carma_ws/src/autoware.ai/common/gnss/test/test_gnss.test "</FullCommandLine>
			<Results>
				<NamedMeasurement type="numeric/double" name="Execution Time">
					<Value>2.06618</Value>
				</NamedMeasurement>
				<NamedMeasurement type="numeric/double" name="Processors">
					<Value>1</Value>
				</NamedMeasurement>
				<NamedMeasurement type="text/string" name="Completion Status">
					<Value>Completed</Value>
				</NamedMeasurement>
				<NamedMeasurement type="text/string" name="Command Line">
					<Value>/workspaces/carma_ws/src/build/gnss/catkin_generated/env_cached.sh "/usr/bin/python3" "/opt/ros/noetic/share/catkin/cmake/test/run_tests.py" "/workspaces/carma_ws/src/build/gnss/test_results/gnss/rostest-test_test_gnss.xml" "--return-code" "/usr/bin/python3 /opt/ros/noetic/share/rostest/cmake/../../../bin/rostest --pkgdir=/workspaces/carma_ws/src/autoware.ai/common/gnss --package=gnss --results-filename test_test_gnss.xml --results-base-dir "/workspaces/carma_ws/src/build/gnss/test_results" /workspaces/carma_ws/src/autoware.ai/common/gnss/test/test_gnss.test "</Value>
				</NamedMeasurement>
				<Measurement>
					<Value>... logging to /home/carma/.ros/log/rostest-734334d1087f-9267.log
[ROSUNIT] Outputting test results to /workspaces/carma_ws/src/build/gnss/test_results/gnss/rostest-test_test_gnss.xml
[Testcase: testtest_gnss] ... ok

[ROSTEST]-----------------------------------------------------------------------

[gnss.rosunit-test_gnss/llhNmeaDegreesTest][passed]

SUMMARY
[NON-XML-CHAR-0x1B][32m * RESULT: SUCCESS[NON-XML-CHAR-0x1B][0m
 * TESTS: 1
 * ERRORS: 0
 * FAILURES: 0

rostest log file is in /home/carma/.ros/log/rostest-734334d1087f-9267.log
-- run_tests.py: execute commands
  /usr/bin/python3 /opt/ros/noetic/share/rostest/cmake/../../../bin/rostest --pkgdir=/workspaces/carma_ws/src/autoware.ai/common/gnss --package=gnss --results-filename test_test_gnss.xml --results-base-dir "/workspaces/carma_ws/src/build/gnss/test_results" /workspaces/carma_ws/src/autoware.ai/common/gnss/test/test_gnss.test 
-- run_tests.py: verify result "/workspaces/carma_ws/src/build/gnss/test_results/gnss/rostest-test_test_gnss.xml"
</Value>
				</Measurement>
			</Results>
		</Test>
		<EndDateTime>Feb 16 11:26 UTC</EndDateTime>
		<EndTestTime>1645010777</EndTestTime>
		<ElapsedMinutes>0</ElapsedMinutes>
	</Testing>
</Site>
