<?xml version="1.0" encoding="UTF-8"?>
<Site BuildName="(empty)"
	BuildStamp="20220216-1126-Experimental"
	Name="734334d1087f"
	Generator="ctest-3.16.3"
	CompilerName="/usr/bin/c++"
	CompilerVersion="9.3.0"
	OSName="Linux"
	Hostname="734334d1087f"
	OSRelease="5.13.0-28-generic"
	OSVersion="#31~20.04.1-Ubuntu SMP Wed Jan 19 14:08:10 UTC 2022"
	OSPlatform="x86_64"
	Is64Bits="1"
	VendorString="GenuineIntel"
	VendorID="Intel Corporation"
	FamilyID="6"
	ModelID="165"
	ProcessorCacheSize="12288"
	NumberOfLogicalCPU="12"
	NumberOfPhysicalCPU="6"
	TotalVirtualMemory="14003"
	TotalPhysicalMemory="31967"
	LogicalProcessorsPerPhysical="2"
	ProcessorClockFrequency="2600"
	>
	<Testing>
		<StartDateTime>Feb 16 11:26 UTC</StartDateTime>
		<StartTestTime>1645010774</StartTestTime>
		<TestList>
			<Test>./_ctest_ros_observer_roslint_package</Test>
			<Test>./_ctest_ros_observer_rostest_test_test_ros_observer.test</Test>
		</TestList>
		<Test Status="failed">
			<Name>_ctest_ros_observer_roslint_package</Name>
			<Path>.</Path>
			<FullName>./_ctest_ros_observer_roslint_package</FullName>
			<FullCommandLine>/workspaces/carma_ws/src/build/ros_observer/catkin_generated/env_cached.sh "/usr/bin/python3" "/opt/ros/noetic/share/catkin/cmake/test/run_tests.py" "/workspaces/carma_ws/src/build/ros_observer/test_results/ros_observer/roslint-ros_observer.xml" "--working-dir" "/workspaces/carma_ws/src/build/ros_observer" "--return-code" "/opt/ros/noetic/share/roslint/cmake/../../../lib/roslint/test_wrapper /workspaces/carma_ws/src/build/ros_observer/test_results/ros_observer/roslint-ros_observer.xml make roslint_ros_observer"</FullCommandLine>
			<Results>
				<NamedMeasurement type="text/string" name="Exit Code">
					<Value>Failed</Value>
				</NamedMeasurement>
				<NamedMeasurement type="text/string" name="Exit Value">
					<Value>1</Value>
				</NamedMeasurement>
				<NamedMeasurement type="numeric/double" name="Execution Time">
					<Value>0.373682</Value>
				</NamedMeasurement>
				<NamedMeasurement type="numeric/double" name="Processors">
					<Value>1</Value>
				</NamedMeasurement>
				<NamedMeasurement type="text/string" name="Completion Status">
					<Value>Completed</Value>
				</NamedMeasurement>
				<NamedMeasurement type="text/string" name="Command Line">
					<Value>/workspaces/carma_ws/src/build/ros_observer/catkin_generated/env_cached.sh "/usr/bin/python3" "/opt/ros/noetic/share/catkin/cmake/test/run_tests.py" "/workspaces/carma_ws/src/build/ros_observer/test_results/ros_observer/roslint-ros_observer.xml" "--working-dir" "/workspaces/carma_ws/src/build/ros_observer" "--return-code" "/opt/ros/noetic/share/roslint/cmake/../../../lib/roslint/test_wrapper /workspaces/carma_ws/src/build/ros_observer/test_results/ros_observer/roslint-ros_observer.xml make roslint_ros_observer"</Value>
				</NamedMeasurement>
				<Measurement>
					<Value>Done processing /workspaces/carma_ws/src/autoware.ai/common/ros_observer/include/ros_observer/lib_ros_observer.h
Done processing /workspaces/carma_ws/src/autoware.ai/common/ros_observer/include/ros_observer/ros_observer.h
Done processing /workspaces/carma_ws/src/autoware.ai/common/ros_observer/lib/lib_ros_observer.cpp
Done processing /workspaces/carma_ws/src/autoware.ai/common/ros_observer/src/ros_observer.cpp
Done processing /workspaces/carma_ws/src/autoware.ai/common/ros_observer/test/src/test_ros_observer.cpp
Total errors found: 1
/workspaces/carma_ws/src/autoware.ai/common/ros_observer/test/src/test_ros_observer.cpp:59:  Add #include &lt;memory&gt; for unique_ptr&lt;&gt;  [build/include_what_you_use] [4]
make[3]: *** [CMakeFiles/roslint_ros_observer.dir/build.make:57: roslint_ros_observer] Error 1
make[2]: *** [CMakeFiles/Makefile2:1000: CMakeFiles/roslint_ros_observer.dir/all] Error 2
make[1]: *** [CMakeFiles/Makefile2:1007: CMakeFiles/roslint_ros_observer.dir/rule] Error 2
make: *** [Makefile:565: roslint_ros_observer] Error 2
-- run_tests.py: execute commands with working directory "/workspaces/carma_ws/src/build/ros_observer"
  /opt/ros/noetic/share/roslint/cmake/../../../lib/roslint/test_wrapper /workspaces/carma_ws/src/build/ros_observer/test_results/ros_observer/roslint-ros_observer.xml make roslint_ros_observer
-- run_tests.py: verify result "/workspaces/carma_ws/src/build/ros_observer/test_results/ros_observer/roslint-ros_observer.xml"
</Value>
				</Measurement>
			</Results>
		</Test>
		<Test Status="passed">
			<Name>_ctest_ros_observer_rostest_test_test_ros_observer.test</Name>
			<Path>.</Path>
			<FullName>./_ctest_ros_observer_rostest_test_test_ros_observer.test</FullName>
			<FullCommandLine>/workspaces/carma_ws/src/build/ros_observer/catkin_generated/env_cached.sh "/usr/bin/python3" "/opt/ros/noetic/share/catkin/cmake/test/run_tests.py" "/workspaces/carma_ws/src/build/ros_observer/test_results/ros_observer/rostest-test_test_ros_observer.xml" "--return-code" "/usr/bin/python3 /opt/ros/noetic/share/rostest/cmake/../../../bin/rostest --pkgdir=/workspaces/carma_ws/src/autoware.ai/common/ros_observer --package=ros_observer --results-filename test_test_ros_observer.xml --results-base-dir "/workspaces/carma_ws/src/build/ros_observer/test_results" /workspaces/carma_ws/src/autoware.ai/common/ros_observer/test/test_ros_observer.test "</FullCommandLine>
			<Results>
				<NamedMeasurement type="numeric/double" name="Execution Time">
					<Value>2.08733</Value>
				</NamedMeasurement>
				<NamedMeasurement type="numeric/double" name="Processors">
					<Value>1</Value>
				</NamedMeasurement>
				<NamedMeasurement type="text/string" name="Completion Status">
					<Value>Completed</Value>
				</NamedMeasurement>
				<NamedMeasurement type="text/string" name="Command Line">
					<Value>/workspaces/carma_ws/src/build/ros_observer/catkin_generated/env_cached.sh "/usr/bin/python3" "/opt/ros/noetic/share/catkin/cmake/test/run_tests.py" "/workspaces/carma_ws/src/build/ros_observer/test_results/ros_observer/rostest-test_test_ros_observer.xml" "--return-code" "/usr/bin/python3 /opt/ros/noetic/share/rostest/cmake/../../../bin/rostest --pkgdir=/workspaces/carma_ws/src/autoware.ai/common/ros_observer --package=ros_observer --results-filename test_test_ros_observer.xml --results-base-dir "/workspaces/carma_ws/src/build/ros_observer/test_results" /workspaces/carma_ws/src/autoware.ai/common/ros_observer/test/test_ros_observer.test "</Value>
				</NamedMeasurement>
				<Measurement>
					<Value>... logging to /home/carma/.ros/log/rostest-734334d1087f-9255.log
[ROSUNIT] Outputting test results to /workspaces/carma_ws/src/build/ros_observer/test_results/ros_observer/rostest-test_test_ros_observer.xml
[Testcase: testtest-ros_observer] ... ok

[ROSTEST]-----------------------------------------------------------------------

[ros_observer.rosunit-test-ros_observer/ModeTestVM][passed]
[ros_observer.rosunit-test-ros_observer/NameTestVM][passed]
[ros_observer.rosunit-test-ros_observer/OpenTestVM][passed]
[ros_observer.rosunit-test-ros_observer/RunTestVM][passed]
[ros_observer.rosunit-test-ros_observer/UpdateTestVM][passed]
[ros_observer.rosunit-test-ros_observer/ErrorDetectionTestVM][passed]
[ros_observer.rosunit-test-ros_observer/OpenTestDR][passed]
[ros_observer.rosunit-test-ros_observer/ClearTestDR][passed]
[ros_observer.rosunit-test-ros_observer/RequestCheckTestDR][passed]

SUMMARY
[NON-XML-CHAR-0x1B][32m * RESULT: SUCCESS[NON-XML-CHAR-0x1B][0m
 * TESTS: 9
 * ERRORS: 0
 * FAILURES: 0

rostest log file is in /home/carma/.ros/log/rostest-734334d1087f-9255.log
-- run_tests.py: execute commands
  /usr/bin/python3 /opt/ros/noetic/share/rostest/cmake/../../../bin/rostest --pkgdir=/workspaces/carma_ws/src/autoware.ai/common/ros_observer --package=ros_observer --results-filename test_test_ros_observer.xml --results-base-dir "/workspaces/carma_ws/src/build/ros_observer/test_results" /workspaces/carma_ws/src/autoware.ai/common/ros_observer/test/test_ros_observer.test 
-- run_tests.py: verify result "/workspaces/carma_ws/src/build/ros_observer/test_results/ros_observer/rostest-test_test_ros_observer.xml"
</Value>
				</Measurement>
			</Results>
		</Test>
		<EndDateTime>Feb 16 11:26 UTC</EndDateTime>
		<EndTestTime>1645010777</EndTestTime>
		<ElapsedMinutes>0</ElapsedMinutes>
	</Testing>
</Site>
