Start testing: Feb 16 11:26 UTC
----------------------------------------------------------
1/1 Testing: _ctest_sick_ldmrs_description_roslaunch-check_launch
1/1 Test: _ctest_sick_ldmrs_description_roslaunch-check_launch
Command: "/workspaces/carma_ws/src/build/sick_ldmrs_description/catkin_generated/env_cached.sh" "/usr/bin/python3" "/opt/ros/noetic/share/catkin/cmake/test/run_tests.py" "/workspaces/carma_ws/src/build/sick_ldmrs_description/test_results/sick_ldmrs_description/roslaunch-check_launch.xml" "--return-code" "/usr/bin/cmake -E make_directory /workspaces/carma_ws/src/build/sick_ldmrs_description/test_results/sick_ldmrs_description" "/opt/ros/noetic/share/roslaunch/cmake/../scripts/roslaunch-check -o "/workspaces/carma_ws/src/build/sick_ldmrs_description/test_results/sick_ldmrs_description/roslaunch-check_launch.xml" "/workspaces/carma_ws/src/autoware.ai/drivers/sick_ldmrs_description/launch" "
Directory: /workspaces/carma_ws/src/build/sick_ldmrs_description
"_ctest_sick_ldmrs_description_roslaunch-check_launch" start time: Feb 16 11:26 UTC
Output:
----------------------------------------------------------
xacro: in-order processing became default in ROS Melodic. You can drop the option.
xacro: in-order processing became default in ROS Melodic. You can drop the option.
FAILURE:
[/workspaces/carma_ws/src/autoware.ai/drivers/sick_ldmrs_description/launch/show_urdf.launch]:
	cannot find node [state_publisher] in package [robot_state_publisher]
[31mwrote test file to [/workspaces/carma_ws/src/build/sick_ldmrs_description/test_results/sick_ldmrs_description/roslaunch-check_launch.xml][0m
checking *.launch in directory /workspaces/carma_ws/src/autoware.ai/drivers/sick_ldmrs_description/launch
checking /workspaces/carma_ws/src/autoware.ai/drivers/sick_ldmrs_description/launch/upload_urdf.launch
checking /workspaces/carma_ws/src/autoware.ai/drivers/sick_ldmrs_description/launch/show_urdf.launch
...writing test results to /workspaces/carma_ws/src/build/sick_ldmrs_description/test_results/sick_ldmrs_description/roslaunch-check_launch.xml
-- run_tests.py: execute commands
  /usr/bin/cmake -E make_directory /workspaces/carma_ws/src/build/sick_ldmrs_description/test_results/sick_ldmrs_description
  /opt/ros/noetic/share/roslaunch/cmake/../scripts/roslaunch-check -o "/workspaces/carma_ws/src/build/sick_ldmrs_description/test_results/sick_ldmrs_description/roslaunch-check_launch.xml" "/workspaces/carma_ws/src/autoware.ai/drivers/sick_ldmrs_description/launch" 
-- run_tests.py: verify result "/workspaces/carma_ws/src/build/sick_ldmrs_description/test_results/sick_ldmrs_description/roslaunch-check_launch.xml"
<end of output>
Test time =   3.87 sec
----------------------------------------------------------
Test Failed.
"_ctest_sick_ldmrs_description_roslaunch-check_launch" end time: Feb 16 11:26 UTC
"_ctest_sick_ldmrs_description_roslaunch-check_launch" time elapsed: 00:00:03
----------------------------------------------------------

End testing: Feb 16 11:26 UTC
