Start testing: Feb 16 11:26 UTC
----------------------------------------------------------
1/1 Testing: _ctest_lib_vehicle_model_gtest_lib_vehicle_model-test
1/1 Test: _ctest_lib_vehicle_model_gtest_lib_vehicle_model-test
Command: "/workspaces/carma_ws/src/build/lib_vehicle_model/catkin_generated/env_cached.sh" "/usr/bin/python3" "/opt/ros/noetic/share/catkin/cmake/test/run_tests.py" "/workspaces/carma_ws/src/build/lib_vehicle_model/test_results/lib_vehicle_model/gtest-lib_vehicle_model-test.xml" "--working-dir" "/workspaces/carma_ws/src/carma-vehicle-model-framework/lib_vehicle_model/test" "--return-code" "/workspaces/carma_ws/src/build/lib_vehicle_model/devel/lib/lib_vehicle_model/lib_vehicle_model-test --gtest_output=xml:/workspaces/carma_ws/src/build/lib_vehicle_model/test_results/lib_vehicle_model/gtest-lib_vehicle_model-test.xml"
Directory: /workspaces/carma_ws/src/build/lib_vehicle_model
"_ctest_lib_vehicle_model_gtest_lib_vehicle_model-test" start time: Feb 16 11:26 UTC
Output:
----------------------------------------------------------
[==========] Running 10 tests from 5 test suites.
[----------] Global test environment set-up.
[----------] 2 tests from KinematicsSolver
[ RUN      ] KinematicsSolver.solve
[       OK ] KinematicsSolver.solve (0 ms)
[ RUN      ] KinematicsSolver.solve_exceptions
[       OK ] KinematicsSolver.solve_exceptions (0 ms)
[----------] 2 tests from KinematicsSolver (0 ms total)

[----------] 3 tests from ConstraintChecker
[ RUN      ] ConstraintChecker.constructor
[       OK ] ConstraintChecker.constructor (2 ms)
[ RUN      ] ConstraintChecker.validateInitialState
[       OK ] ConstraintChecker.validateInitialState (0 ms)
[ RUN      ] ConstraintChecker.validateControlInputs
[       OK ] ConstraintChecker.validateControlInputs (1 ms)
[----------] 3 tests from ConstraintChecker (3 ms total)

[----------] 1 test from ModelLoader
[ RUN      ] ModelLoader.load
[       OK ] ModelLoader.load (0 ms)
[----------] 1 test from ModelLoader (0 ms total)

[----------] 3 tests from lib_vehicle_model
[ RUN      ] lib_vehicle_model.init
[       OK ] lib_vehicle_model.init (1 ms)
[ RUN      ] lib_vehicle_model.predict_no_control
[       OK ] lib_vehicle_model.predict_no_control (0 ms)
[ RUN      ] lib_vehicle_model.predict_with_control
[       OK ] lib_vehicle_model.predict_with_control (0 ms)
[----------] 3 tests from lib_vehicle_model (1 ms total)

[----------] 1 test from ODESOlver
[ RUN      ] ODESOlver.rk4
[       OK ] ODESOlver.rk4 (0 ms)
[----------] 1 test from ODESOlver (0 ms total)

[----------] Global test environment tear-down
[==========] 10 tests from 5 test suites ran. (4 ms total)
[  PASSED  ] 10 tests.
-- run_tests.py: execute commands with working directory "/workspaces/carma_ws/src/carma-vehicle-model-framework/lib_vehicle_model/test"
  /workspaces/carma_ws/src/build/lib_vehicle_model/devel/lib/lib_vehicle_model/lib_vehicle_model-test --gtest_output=xml:/workspaces/carma_ws/src/build/lib_vehicle_model/test_results/lib_vehicle_model/gtest-lib_vehicle_model-test.xml
-- run_tests.py: verify result "/workspaces/carma_ws/src/build/lib_vehicle_model/test_results/lib_vehicle_model/gtest-lib_vehicle_model-test.xml"
<end of output>
Test time =   0.10 sec
----------------------------------------------------------
Test Passed.
"_ctest_lib_vehicle_model_gtest_lib_vehicle_model-test" end time: Feb 16 11:26 UTC
"_ctest_lib_vehicle_model_gtest_lib_vehicle_model-test" time elapsed: 00:00:00
----------------------------------------------------------

End testing: Feb 16 11:26 UTC
