<?xml version="1.0" encoding="UTF-8"?>
<testsuites tests="2" failures="0" disabled="0" errors="0" time="0.001" timestamp="2022-02-16T11:26:15" name="AllTests">
  <testsuite name="proj_tools" tests="2" failures="0" disabled="0" errors="0" time="0.001" timestamp="2022-02-16T11:26:15">
    <testcase name="getAxisFromProjString" status="run" result="completed" time="0.001" timestamp="2022-02-16T11:26:15" classname="proj_tools" />
    <testcase name="getRotationOfNEDFromProjAxis" status="run" result="completed" time="0" timestamp="2022-02-16T11:26:15" classname="proj_tools" />
  </testsuite>
</testsuites>
