Start testing: Feb 16 11:19 UTC
----------------------------------------------------------
1/1 Testing: _ctest_wgs84_utils_gtest_wgs84_uitls_test
1/1 Test: _ctest_wgs84_utils_gtest_wgs84_uitls_test
Command: "/workspaces/carma_ws/src/build/wgs84_utils/catkin_generated/env_cached.sh" "/usr/bin/python3" "/opt/ros/noetic/share/catkin/cmake/test/run_tests.py" "/workspaces/carma_ws/src/build/wgs84_utils/test_results/wgs84_utils/gtest-wgs84_uitls_test.xml" "--return-code" "/workspaces/carma_ws/src/build/wgs84_utils/devel/lib/wgs84_utils/wgs84_uitls_test --gtest_output=xml:/workspaces/carma_ws/src/build/wgs84_utils/test_results/wgs84_utils/gtest-wgs84_uitls_test.xml"
Directory: /workspaces/carma_ws/src/build/wgs84_utils
"_ctest_wgs84_utils_gtest_wgs84_uitls_test" start time: Feb 16 11:19 UTC
Output:
----------------------------------------------------------
[==========] Running 2 tests from 1 test suite.
[----------] Global test environment set-up.
[----------] 2 tests from proj_tools
[ RUN      ] proj_tools.getAxisFromProjString
[       OK ] proj_tools.getAxisFromProjString (1 ms)
[ RUN      ] proj_tools.getRotationOfNEDFromProjAxis
[       OK ] proj_tools.getRotationOfNEDFromProjAxis (0 ms)
[----------] 2 tests from proj_tools (1 ms total)

[----------] Global test environment tear-down
[==========] 2 tests from 1 test suite ran. (1 ms total)
[  PASSED  ] 2 tests.
-- run_tests.py: execute commands
  /workspaces/carma_ws/src/build/wgs84_utils/devel/lib/wgs84_utils/wgs84_uitls_test --gtest_output=xml:/workspaces/carma_ws/src/build/wgs84_utils/test_results/wgs84_utils/gtest-wgs84_uitls_test.xml
-- run_tests.py: verify result "/workspaces/carma_ws/src/build/wgs84_utils/test_results/wgs84_utils/gtest-wgs84_uitls_test.xml"
<end of output>
Test time =   0.07 sec
----------------------------------------------------------
Test Passed.
"_ctest_wgs84_utils_gtest_wgs84_uitls_test" end time: Feb 16 11:19 UTC
"_ctest_wgs84_utils_gtest_wgs84_uitls_test" time elapsed: 00:00:00
----------------------------------------------------------

End testing: Feb 16 11:19 UTC
