<?xml version="1.0" encoding="utf-8"?>
<testsuite errors="0" failures="0" name="unittest.suite.TestSuite" tests="1" time="0.305"><testcase classname="rostest.runner.RosTest" name="testtest-ros_observer" time="0.3044" /><system-out>&lt;![CDATA[
[ROSTEST]setup[/workspaces/carma_ws/src/autoware.ai/common/ros_observer/test/test_ros_observer.test] run_id[41702d60-8f1b-11ec-b6d5-0242ac110002] starting
&amp;#x001B;[1mstarted roslaunch server http://734334d1087f:44631/&amp;#x001B;[0m

SUMMARY
========

PARAMETERS
 * /rosdistro: noetic
 * /rosversion: 1.15.14

NODES

[ROSTEST]setup[/workspaces/carma_ws/src/autoware.ai/common/ros_observer/test/test_ros_observer.test] run_id[41702d60-8f1b-11ec-b6d5-0242ac110002] done
[ROSTEST]Running test [test-ros_observer]
&amp;#x001B;[1mROS_MASTER_URI=http://734334d1087f:41071/&amp;#x001B;[0m
&amp;#x001B;[1msetting /run_id to 41702d60-8f1b-11ec-b6d5-0242ac110002&amp;#x001B;[0m
[ROSTEST]removing previous test results file [/workspaces/carma_ws/src/build/ros_observer/test_results/ros_observer/rosunit-test-ros_observer.xml]
[ROSTEST]running test test-ros_observer
&amp;#x001B;[1mprocess[test-1]: started with pid [9688]&amp;#x001B;[0m
&amp;#x001B;[1m[test-1] process has finished cleanly
log file: /home/carma/.ros/log/41702d60-8f1b-11ec-b6d5-0242ac110002/test-1*.log&amp;#x001B;[0m
[ROSTEST]test [test-ros_observer] finished
[ROSTEST]test [test-ros_observer] results are in [/workspaces/carma_ws/src/build/ros_observer/test_results/ros_observer/rosunit-test-ros_observer.xml]
[ROSTEST]test [test-ros_observer] results summary: 0 errors, 0 failures, 9 tests
[ROSTEST][ROSTEST] test [test-ros_observer] done
[ROSTEST]tearDown[/workspaces/carma_ws/src/autoware.ai/common/ros_observer/test/test_ros_observer.test]
shutting down processing monitor...
... shutting down processing monitor complete
[ROSTEST]rostest teardown /workspaces/carma_ws/src/autoware.ai/common/ros_observer/test/test_ros_observer.test complete

]]&gt;</system-out><system-err>&lt;![CDATA[

]]&gt;</system-err></testsuite>