[0.152s] Invoking command in '/workspaces/carma_ws/src/build/ros_observer': CMAKE_PREFIX_PATH=/workspaces/carma_ws/src/build/ros_observer/devel:${CMAKE_PREFIX_PATH} LD_LIBRARY_PATH=/workspaces/carma_ws/src/build/ros_observer/devel/lib:${LD_LIBRARY_PATH} PKG_CONFIG_PATH=/workspaces/carma_ws/src/build/ros_observer/devel/lib/pkgconfig:${PKG_CONFIG_PATH} ROS_PACKAGE_PATH=/workspaces/carma_ws/src/autoware.ai/common/ros_observer:${ROS_PACKAGE_PATH} /usr/bin/ctest -C Release -D ExperimentalTest --no-compress-output -V --force-new-ctest-process
[0.315s] UpdateCTestConfiguration  from :/workspaces/carma_ws/src/build/ros_observer/CTestConfiguration.ini
[0.315s] Parse Config file:/workspaces/carma_ws/src/build/ros_observer/CTestConfiguration.ini
[0.322s]    Site: 734334d1087f
[0.322s]    Build name: (empty)
[0.323s]  Add coverage exclude regular expressions.
[0.323s] SetCTestConfiguration:CMakeCommand:/usr/bin/cmake
[0.323s] Create new tag: 20220216-1119 - Experimental
[0.323s] UpdateCTestConfiguration  from :/workspaces/carma_ws/src/build/ros_observer/CTestConfiguration.ini
[0.323s] Parse Config file:/workspaces/carma_ws/src/build/ros_observer/CTestConfiguration.ini
[0.323s] Test project /workspaces/carma_ws/src/build/ros_observer
[0.324s] Constructing a list of tests
[0.324s] Done constructing a list of tests
[0.325s] Updating test list for fixtures
[0.325s] Added 0 tests to meet fixture requirements
[0.325s] Checking test dependency graph...
[0.327s] Checking test dependency graph end
[0.327s] test 1
[0.327s]     Start 1: _ctest_ros_observer_roslint_package
[0.327s] 
[0.327s] 1: Test command: /workspaces/carma_ws/src/build/ros_observer/catkin_generated/env_cached.sh "/usr/bin/python3" "/opt/ros/noetic/share/catkin/cmake/test/run_tests.py" "/workspaces/carma_ws/src/build/ros_observer/test_results/ros_observer/roslint-ros_observer.xml" "--working-dir" "/workspaces/carma_ws/src/build/ros_observer" "--return-code" "/opt/ros/noetic/share/roslint/cmake/../../../lib/roslint/test_wrapper /workspaces/carma_ws/src/build/ros_observer/test_results/ros_observer/roslint-ros_observer.xml make roslint_ros_observer"
[0.328s] 1: Test timeout computed to be: 10000000
[0.328s] 1: Scanning dependencies of target roslint_ros_observer
[0.520s] 1: Done processing /workspaces/carma_ws/src/autoware.ai/common/ros_observer/include/ros_observer/lib_ros_observer.h
[0.521s] 1: Done processing /workspaces/carma_ws/src/autoware.ai/common/ros_observer/include/ros_observer/ros_observer.h
[0.521s] 1: Done processing /workspaces/carma_ws/src/autoware.ai/common/ros_observer/lib/lib_ros_observer.cpp
[0.521s] 1: Done processing /workspaces/carma_ws/src/autoware.ai/common/ros_observer/src/ros_observer.cpp
[0.521s] 1: Done processing /workspaces/carma_ws/src/autoware.ai/common/ros_observer/test/src/test_ros_observer.cpp
[0.521s] 1: Total errors found: 1
[0.522s] 1: /workspaces/carma_ws/src/autoware.ai/common/ros_observer/test/src/test_ros_observer.cpp:59:  Add #include <memory> for unique_ptr<>  [build/include_what_you_use] [4]
[0.524s] 1: make[3]: *** [CMakeFiles/roslint_ros_observer.dir/build.make:57: roslint_ros_observer] Error 1
[0.524s] 1: make[2]: *** [CMakeFiles/Makefile2:1000: CMakeFiles/roslint_ros_observer.dir/all] Error 2
[0.525s] 1: make[1]: *** [CMakeFiles/Makefile2:1007: CMakeFiles/roslint_ros_observer.dir/rule] Error 2
[0.526s] 1: make: *** [Makefile:565: roslint_ros_observer] Error 2
[0.535s] 1: -- run_tests.py: execute commands with working directory "/workspaces/carma_ws/src/build/ros_observer"
[0.536s] 1:   /opt/ros/noetic/share/roslint/cmake/../../../lib/roslint/test_wrapper /workspaces/carma_ws/src/build/ros_observer/test_results/ros_observer/roslint-ros_observer.xml make roslint_ros_observer
[0.537s] 1: -- run_tests.py: verify result "/workspaces/carma_ws/src/build/ros_observer/test_results/ros_observer/roslint-ros_observer.xml"
[0.537s] 1/2 Test #1: _ctest_ros_observer_roslint_package .......................***Failed    0.37 sec
[0.538s] test 2
[0.538s]     Start 2: _ctest_ros_observer_rostest_test_test_ros_observer.test
[0.539s] 
[0.539s] 2: Test command: /workspaces/carma_ws/src/build/ros_observer/catkin_generated/env_cached.sh "/usr/bin/python3" "/opt/ros/noetic/share/catkin/cmake/test/run_tests.py" "/workspaces/carma_ws/src/build/ros_observer/test_results/ros_observer/rostest-test_test_ros_observer.xml" "--return-code" "/usr/bin/python3 /opt/ros/noetic/share/rostest/cmake/../../../bin/rostest --pkgdir=/workspaces/carma_ws/src/autoware.ai/common/ros_observer --package=ros_observer --results-filename test_test_ros_observer.xml --results-base-dir "/workspaces/carma_ws/src/build/ros_observer/test_results" /workspaces/carma_ws/src/autoware.ai/common/ros_observer/test/test_ros_observer.test "
[0.539s] 2: Test timeout computed to be: 10000000
[2.093s] 2: ... logging to /home/carma/.ros/log/rostest-734334d1087f-960.log
[2.093s] 2: [ROSUNIT] Outputting test results to /workspaces/carma_ws/src/build/ros_observer/test_results/ros_observer/rostest-test_test_ros_observer.xml
[2.093s] 2: [Testcase: testtest-ros_observer] ... ok
[2.093s] 2: 
[2.093s] 2: [ROSTEST]-----------------------------------------------------------------------
[2.093s] 2: 
[2.093s] 2: [ros_observer.rosunit-test-ros_observer/ModeTestVM][passed]
[2.094s] 2: [ros_observer.rosunit-test-ros_observer/NameTestVM][passed]
[2.096s] 2: [ros_observer.rosunit-test-ros_observer/OpenTestVM][passed]
[2.096s] 2: [ros_observer.rosunit-test-ros_observer/RunTestVM][passed]
[2.096s] 2: [ros_observer.rosunit-test-ros_observer/UpdateTestVM][passed]
[2.096s] 2: [ros_observer.rosunit-test-ros_observer/ErrorDetectionTestVM][passed]
[2.097s] 2: [ros_observer.rosunit-test-ros_observer/OpenTestDR][passed]
[2.097s] 2: [ros_observer.rosunit-test-ros_observer/ClearTestDR][passed]
[2.097s] 2: [ros_observer.rosunit-test-ros_observer/RequestCheckTestDR][passed]
[2.097s] 2: 
[2.098s] 2: SUMMARY
[2.099s] 2: [32m * RESULT: SUCCESS[0m
[2.100s] 2:  * TESTS: 9
[2.100s] 2:  * ERRORS: 0
[2.101s] 2:  * FAILURES: 0
[2.101s] 2: 
[2.101s] 2: rostest log file is in /home/carma/.ros/log/rostest-734334d1087f-960.log
[2.270s] 2: -- run_tests.py: execute commands
[2.270s] 2:   /usr/bin/python3 /opt/ros/noetic/share/rostest/cmake/../../../bin/rostest --pkgdir=/workspaces/carma_ws/src/autoware.ai/common/ros_observer --package=ros_observer --results-filename test_test_ros_observer.xml --results-base-dir "/workspaces/carma_ws/src/build/ros_observer/test_results" /workspaces/carma_ws/src/autoware.ai/common/ros_observer/test/test_ros_observer.test 
[2.271s] 2: -- run_tests.py: verify result "/workspaces/carma_ws/src/build/ros_observer/test_results/ros_observer/rostest-test_test_ros_observer.xml"
[2.278s] 2/2 Test #2: _ctest_ros_observer_rostest_test_test_ros_observer.test ...   Passed    1.74 sec
[2.279s] 
[2.279s] 50% tests passed[0;0m, [0;31m1 tests failed[0;0m out of 2
[2.279s] 
[2.280s] Total Test time (real) =   2.11 sec
[2.280s] 
[2.281s] The following tests FAILED:
[2.281s] 	[0;31m  1 - _ctest_ros_observer_roslint_package (Failed)[0;0m
[2.299s] Errors while running CTest
[2.414s] Invoked command in '/workspaces/carma_ws/src/build/ros_observer' returned '8': CMAKE_PREFIX_PATH=/workspaces/carma_ws/src/build/ros_observer/devel:${CMAKE_PREFIX_PATH} LD_LIBRARY_PATH=/workspaces/carma_ws/src/build/ros_observer/devel/lib:${LD_LIBRARY_PATH} PKG_CONFIG_PATH=/workspaces/carma_ws/src/build/ros_observer/devel/lib/pkgconfig:${PKG_CONFIG_PATH} ROS_PACKAGE_PATH=/workspaces/carma_ws/src/autoware.ai/common/ros_observer:${ROS_PACKAGE_PATH} /usr/bin/ctest -C Release -D ExperimentalTest --no-compress-output -V --force-new-ctest-process
